<?xml version="1.0" encoding="UTF-8"?>
<testng-results skipped="0" failed="0" ignored="0" total="2" passed="2">
  <reporter-output>
  </reporter-output>
  <suite name="Default suite" duration-ms="57684" started-at="2018-12-21T11:33:10Z" finished-at="2018-12-21T11:34:08Z">
    <groups>
    </groups>
    <test name="Default test" duration-ms="57684" started-at="2018-12-21T11:33:10Z" finished-at="2018-12-21T11:34:08Z">
      <class name="com.training.sanity.tests.RETC_030_Test">
        <test-method status="PASS" signature="setUpBeforeClass()[pri:0, instance:com.training.sanity.tests.RETC_030_Test@7823a2f9]" name="setUpBeforeClass" is-config="true" duration-ms="21842" started-at="2018-12-21T17:03:10Z" finished-at="2018-12-21T17:03:32Z">
          <reporter-output>
          </reporter-output>
        </test-method> <!-- setUpBeforeClass -->
        <test-method status="PASS" signature="adminLoginTest()[pri:1, instance:com.training.sanity.tests.RETC_030_Test@7823a2f9]" name="adminLoginTest" duration-ms="8380" started-at="2018-12-21T17:03:32Z" finished-at="2018-12-21T17:03:41Z">
          <reporter-output>
          </reporter-output>
        </test-method> <!-- adminLoginTest -->
        <test-method status="PASS" signature="deleteSelectedRegionTest()[pri:2, instance:com.training.sanity.tests.RETC_030_Test@7823a2f9]" name="deleteSelectedRegionTest" duration-ms="25567" started-at="2018-12-21T17:03:41Z" finished-at="2018-12-21T17:04:06Z">
          <reporter-output>
          </reporter-output>
        </test-method> <!-- deleteSelectedRegionTest -->
        <test-method status="PASS" signature="tearDown()[pri:0, instance:com.training.sanity.tests.RETC_030_Test@7823a2f9]" name="tearDown" is-config="true" duration-ms="1855" started-at="2018-12-21T17:04:06Z" finished-at="2018-12-21T17:04:08Z">
          <reporter-output>
          </reporter-output>
        </test-method> <!-- tearDown -->
      </class> <!-- com.training.sanity.tests.RETC_030_Test -->
    </test> <!-- Default test -->
  </suite> <!-- Default suite -->
</testng-results>
