<?xml version="1.0" encoding="UTF-8"?>
<!-- Generated by org.testng.reporters.JUnitXMLReporter -->
<testsuite hostname="IBM815-R90AX8H4" ignored="0" name="Default test" tests="4" failures="0" timestamp="11 Jan 2019 10:29:19 GMT" time="107.902" errors="0">
  <testcase name="adminLoginTest" time="9.16" classname="com.training.regression.tests.RETC_090_Test"/>
  <testcase name="addMultiplePropWithAllDetailsTest" time="29.962" classname="com.training.regression.tests.RETC_090_Test"/>
  <testcase name="addMultiplePropWithAllDetailsTest" time="21.399" classname="com.training.regression.tests.RETC_090_Test"/>
  <testcase name="addMultiplePropWithAllDetailsTest" time="22.948" classname="com.training.regression.tests.RETC_090_Test"/>
</testsuite> <!-- Default test -->
